<?xml version="1.0" encoding="UTF-8"?>
<!-- Generated by org.testng.reporters.JUnitReportReporter -->
<testsuite hostname="TVDPF4EEK15" failures="0" tests="1" name="org.selenium.docker.SeleniumDockerTest" time="7.522" errors="0" timestamp="2023-12-16T11:44:53 CET" skipped="0">
  <testcase classname="org.selenium.docker.SeleniumDockerTest" name="TestJobPortal" time="7.522"/>
</testsuite> <!-- org.selenium.docker.SeleniumDockerTest -->
